************* Module temp_code
temp_code.py:1:25: E0001: invalid non-printable character U+000D (syntax-error)
Success: no issues found in 1 source file
[main]	INFO	profile include tests: None
[main]	INFO	profile exclude tests: None
[main]	INFO	cli include tests: None
[main]	INFO	cli exclude tests: None
[main]	INFO	running on Python 3.13.9
Run started:2025-11-26 18:01:06.868720+00:00

Test results:
	No issues identified.

Code scanned:
	Total lines of code: 4
	Total lines skipped (#nosec): 0
	Total potential issues skipped due to specifically being disabled (e.g., #nosec BXXX): 0

Run metrics:
	Total issues (by severity):
		Undefined: 0
		Low: 0
		Medium: 0
		High: 0
	Total issues (by confidence):
		Undefined: 0
		Low: 0
		Medium: 0
		High: 0
Files skipped (0):
=== OUTPUT ===

Traceback (most recent call last):
  File "/usr/src/app/temp_code.py", line 7, in <module>
    nums = list(map(int, input().split()))
                         ~~~~~^^
EOFError: EOF when reading a line


=== PYLINT ===

=== MYPY ===

=== BANDIT ===

=== Результаты тестов ===
Тест 1: ✓
Тест 2: ✓
Тест 3: ✓
Тест 4: ✓
Тест 5: ✓
Тест 6: ✓
Тест 7: ✓
Тест 8: ✓
Тест 9: ✓
Тест 10: ✓
Итог: 10 / 10
=========================
